2025-09-29 07:25:20 - FacebookBot - INFO - [main.py:56] - ✅ Advanced database setup completed successfully
2025-09-29 07:25:20 - FacebookBot - INFO - [main.py:56] - ✅ Advanced database setup completed successfully
2025-09-29 07:25:20 - FacebookBot - INFO - [main.py:56] - 🚀 Initializing Advanced Facebook Bot...
2025-09-29 07:25:20 - FacebookBot - INFO - [main.py:56] - 🚀 Initializing Advanced Facebook Bot...
2025-09-29 07:25:20 - FacebookBot - INFO - [main.py:56] - 🚀 Initializing Advanced Facebook Bot...
2025-09-29 07:25:20 - FacebookBot - INFO - [main.py:56] - 🚀 Initializing Advanced Facebook Bot...
2025-09-29 07:25:20 - FacebookBot - INFO - [main.py:56] - 🚀 Initializing Advanced Facebook Bot...
2025-09-29 07:25:23 - FacebookBot - INFO - [main.py:56] - ✅ Advanced browser initialized successfully - Session: f1f997491c534954
2025-09-29 07:25:23 - FacebookBot - INFO - [main.py:56] - ✅ Advanced browser initialized successfully - Session: f1f997491c534954
2025-09-29 07:25:23 - FacebookBot - INFO - [main.py:56] - ✅ Advanced browser initialized successfully - Session: f1f997491c534954
2025-09-29 07:25:23 - FacebookBot - INFO - [main.py:56] - ✅ Advanced browser initialized successfully - Session: f1f997491c534954
2025-09-29 07:25:23 - FacebookBot - INFO - [main.py:56] - ✅ Advanced browser initialized successfully - Session: f1f997491c534954
2025-09-29 07:25:23 - FacebookBot - INFO - [main.py:56] - ✅ Bot initialization completed successfully
2025-09-29 07:25:23 - FacebookBot - INFO - [main.py:56] - ✅ Bot initialization completed successfully
2025-09-29 07:25:23 - FacebookBot - INFO - [main.py:56] - ✅ Bot initialization completed successfully
2025-09-29 07:25:23 - FacebookBot - INFO - [main.py:56] - ✅ Bot initialization completed successfully
2025-09-29 07:25:23 - FacebookBot - INFO - [main.py:56] - ✅ Bot initialization completed successfully
2025-09-29 07:25:23 - FacebookBot - INFO - [main.py:56] - 🧪 Running single test cycle...
2025-09-29 07:25:23 - FacebookBot - INFO - [main.py:56] - 🧪 Running single test cycle...
2025-09-29 07:25:23 - FacebookBot - INFO - [main.py:56] - 🧪 Running single test cycle...
2025-09-29 07:25:23 - FacebookBot - INFO - [main.py:56] - 🧪 Running single test cycle...
2025-09-29 07:25:23 - FacebookBot - INFO - [main.py:56] - 🧪 Running single test cycle...
2025-09-29 07:25:23 - FacebookBot - INFO - [main.py:56] - 🔄 Starting bot cycle...
2025-09-29 07:25:23 - FacebookBot - INFO - [main.py:56] - 🔄 Starting bot cycle...
2025-09-29 07:25:23 - FacebookBot - INFO - [main.py:56] - 🔄 Starting bot cycle...
2025-09-29 07:25:23 - FacebookBot - INFO - [main.py:56] - 🔄 Starting bot cycle...
2025-09-29 07:25:23 - FacebookBot - INFO - [main.py:56] - 🔄 Starting bot cycle...
2025-09-29 07:25:24 - FacebookBot - INFO - [main.py:56] - 🔄 Login attempt 1/3
2025-09-29 07:25:24 - FacebookBot - INFO - [main.py:56] - 🔄 Login attempt 1/3
2025-09-29 07:25:24 - FacebookBot - INFO - [main.py:56] - 🔄 Login attempt 1/3
2025-09-29 07:25:24 - FacebookBot - INFO - [main.py:56] - 🔄 Login attempt 1/3
2025-09-29 07:25:24 - FacebookBot - INFO - [main.py:56] - 🔄 Login attempt 1/3
2025-09-29 07:27:51 - FacebookBot - INFO - [main.py:56] - 🔄 Login attempt 2/3
2025-09-29 07:27:51 - FacebookBot - INFO - [main.py:56] - 🔄 Login attempt 2/3
2025-09-29 07:27:51 - FacebookBot - INFO - [main.py:56] - 🔄 Login attempt 2/3
2025-09-29 07:27:51 - FacebookBot - INFO - [main.py:56] - 🔄 Login attempt 2/3
2025-09-29 07:27:51 - FacebookBot - INFO - [main.py:56] - 🔄 Login attempt 2/3
2025-09-29 07:29:38 - FacebookBot - INFO - [main.py:56] - ✅ Cookies saved successfully
2025-09-29 07:29:38 - FacebookBot - INFO - [main.py:56] - ✅ Cookies saved successfully
2025-09-29 07:29:38 - FacebookBot - INFO - [main.py:56] - ✅ Cookies saved successfully
2025-09-29 07:29:38 - FacebookBot - INFO - [main.py:56] - ✅ Cookies saved successfully
2025-09-29 07:29:38 - FacebookBot - INFO - [main.py:56] - ✅ Cookies saved successfully
2025-09-29 07:29:49 - FacebookBot - INFO - [main.py:56] - ✅ Successfully navigated to Marketplace
2025-09-29 07:29:49 - FacebookBot - INFO - [main.py:56] - ✅ Successfully navigated to Marketplace
2025-09-29 07:29:49 - FacebookBot - INFO - [main.py:56] - ✅ Successfully navigated to Marketplace
2025-09-29 07:29:49 - FacebookBot - INFO - [main.py:56] - ✅ Successfully navigated to Marketplace
2025-09-29 07:29:49 - FacebookBot - INFO - [main.py:56] - ✅ Successfully navigated to Marketplace
2025-09-29 07:30:33 - FacebookBot - INFO - [main.py:56] - ✅ Found 0 active listings
2025-09-29 07:30:33 - FacebookBot - INFO - [main.py:56] - ✅ Found 0 active listings
2025-09-29 07:30:33 - FacebookBot - INFO - [main.py:56] - ✅ Found 0 active listings
2025-09-29 07:30:33 - FacebookBot - INFO - [main.py:56] - ✅ Found 0 active listings
2025-09-29 07:30:33 - FacebookBot - INFO - [main.py:56] - ✅ Found 0 active listings
2025-09-29 07:30:33 - FacebookBot - WARNING - [main.py:62] - ⚠️ No listings found
2025-09-29 07:30:33 - FacebookBot - WARNING - [main.py:62] - ⚠️ No listings found
2025-09-29 07:30:33 - FacebookBot - WARNING - [main.py:62] - ⚠️ No listings found
2025-09-29 07:30:33 - FacebookBot - WARNING - [main.py:62] - ⚠️ No listings found
2025-09-29 07:30:33 - FacebookBot - WARNING - [main.py:62] - ⚠️ No listings found
2025-09-29 07:30:33 - FacebookBot - INFO - [main.py:56] - 🎉 Test cycle completed successfully!
2025-09-29 07:30:33 - FacebookBot - INFO - [main.py:56] - 🎉 Test cycle completed successfully!
2025-09-29 07:30:33 - FacebookBot - INFO - [main.py:56] - 🎉 Test cycle completed successfully!
2025-09-29 07:30:33 - FacebookBot - INFO - [main.py:56] - 🎉 Test cycle completed successfully!
2025-09-29 07:30:33 - FacebookBot - INFO - [main.py:56] - 🎉 Test cycle completed successfully!
2025-09-29 07:39:58 - FacebookBot - INFO - [main.py:56] - 🔄 Starting continuous operation...
2025-09-29 07:39:58 - FacebookBot - INFO - [main.py:56] - 🔄 Starting continuous operation...
2025-09-29 07:39:58 - FacebookBot - INFO - [main.py:56] - 🔄 Starting continuous operation...
2025-09-29 07:39:58 - FacebookBot - INFO - [main.py:56] - 🔄 Starting continuous operation...
2025-09-29 07:39:58 - FacebookBot - INFO - [main.py:56] - 🔄 Starting continuous operation...
2025-09-29 07:39:58 - FacebookBot - INFO - [main.py:56] - 🔄 Starting continuous bot operation (interval: 6 hours)
2025-09-29 07:39:58 - FacebookBot - INFO - [main.py:56] - 🔄 Starting continuous bot operation (interval: 6 hours)
2025-09-29 07:39:58 - FacebookBot - INFO - [main.py:56] - 🔄 Starting continuous bot operation (interval: 6 hours)
2025-09-29 07:39:58 - FacebookBot - INFO - [main.py:56] - 🔄 Starting continuous bot operation (interval: 6 hours)
2025-09-29 07:39:58 - FacebookBot - INFO - [main.py:56] - 🔄 Starting continuous bot operation (interval: 6 hours)
2025-09-29 07:39:58 - FacebookBot - INFO - [main.py:56] - 🔄 Starting cycle 1...
2025-09-29 07:39:58 - FacebookBot - INFO - [main.py:56] - 🔄 Starting cycle 1...
2025-09-29 07:39:58 - FacebookBot - INFO - [main.py:56] - 🔄 Starting cycle 1...
2025-09-29 07:39:58 - FacebookBot - INFO - [main.py:56] - 🔄 Starting cycle 1...
2025-09-29 07:39:58 - FacebookBot - INFO - [main.py:56] - 🔄 Starting cycle 1...
2025-09-29 07:39:58 - FacebookBot - INFO - [main.py:56] - 🔄 Starting bot cycle...
2025-09-29 07:39:58 - FacebookBot - INFO - [main.py:56] - 🔄 Starting bot cycle...
2025-09-29 07:39:58 - FacebookBot - INFO - [main.py:56] - 🔄 Starting bot cycle...
2025-09-29 07:39:58 - FacebookBot - INFO - [main.py:56] - 🔄 Starting bot cycle...
2025-09-29 07:39:58 - FacebookBot - INFO - [main.py:56] - 🔄 Starting bot cycle...
2025-09-29 07:40:16 - FacebookBot - INFO - [main.py:56] - ✅ Logged in via cookies
2025-09-29 07:40:16 - FacebookBot - INFO - [main.py:56] - ✅ Logged in via cookies
2025-09-29 07:40:16 - FacebookBot - INFO - [main.py:56] - ✅ Logged in via cookies
2025-09-29 07:40:16 - FacebookBot - INFO - [main.py:56] - ✅ Logged in via cookies
2025-09-29 07:40:16 - FacebookBot - INFO - [main.py:56] - ✅ Logged in via cookies
2025-09-29 07:40:30 - FacebookBot - INFO - [main.py:56] - ✅ Successfully navigated to Marketplace
2025-09-29 07:40:30 - FacebookBot - INFO - [main.py:56] - ✅ Successfully navigated to Marketplace
2025-09-29 07:40:30 - FacebookBot - INFO - [main.py:56] - ✅ Successfully navigated to Marketplace
2025-09-29 07:40:30 - FacebookBot - INFO - [main.py:56] - ✅ Successfully navigated to Marketplace
2025-09-29 07:40:30 - FacebookBot - INFO - [main.py:56] - ✅ Successfully navigated to Marketplace
2025-09-29 07:40:42 - FacebookBot - INFO - [main.py:56] - ✅ Found 0 active listings
2025-09-29 07:40:42 - FacebookBot - INFO - [main.py:56] - ✅ Found 0 active listings
2025-09-29 07:40:42 - FacebookBot - INFO - [main.py:56] - ✅ Found 0 active listings
2025-09-29 07:40:42 - FacebookBot - INFO - [main.py:56] - ✅ Found 0 active listings
2025-09-29 07:40:42 - FacebookBot - INFO - [main.py:56] - ✅ Found 0 active listings
2025-09-29 07:40:42 - FacebookBot - WARNING - [main.py:62] - ⚠️ No listings found
2025-09-29 07:40:42 - FacebookBot - WARNING - [main.py:62] - ⚠️ No listings found
2025-09-29 07:40:42 - FacebookBot - WARNING - [main.py:62] - ⚠️ No listings found
2025-09-29 07:40:42 - FacebookBot - WARNING - [main.py:62] - ⚠️ No listings found
2025-09-29 07:40:42 - FacebookBot - WARNING - [main.py:62] - ⚠️ No listings found
2025-09-29 07:40:42 - FacebookBot - INFO - [main.py:56] - ✅ Cycle 1 completed successfully
2025-09-29 07:40:42 - FacebookBot - INFO - [main.py:56] - ✅ Cycle 1 completed successfully
2025-09-29 07:40:42 - FacebookBot - INFO - [main.py:56] - ✅ Cycle 1 completed successfully
2025-09-29 07:40:42 - FacebookBot - INFO - [main.py:56] - ✅ Cycle 1 completed successfully
2025-09-29 07:40:42 - FacebookBot - INFO - [main.py:56] - ✅ Cycle 1 completed successfully
2025-09-29 07:40:42 - FacebookBot - INFO - [main.py:56] - ⏰ Next cycle at: 2025-09-29 13:40:42
2025-09-29 07:40:42 - FacebookBot - INFO - [main.py:56] - ⏰ Next cycle at: 2025-09-29 13:40:42
2025-09-29 07:40:42 - FacebookBot - INFO - [main.py:56] - ⏰ Next cycle at: 2025-09-29 13:40:42
2025-09-29 07:40:42 - FacebookBot - INFO - [main.py:56] - ⏰ Next cycle at: 2025-09-29 13:40:42
2025-09-29 07:40:42 - FacebookBot - INFO - [main.py:56] - ⏰ Next cycle at: 2025-09-29 13:40:42
2025-09-29 07:40:42 - FacebookBot - INFO - [main.py:56] - ⏳ 6 hours until next cycle...
2025-09-29 07:40:42 - FacebookBot - INFO - [main.py:56] - ⏳ 6 hours until next cycle...
2025-09-29 07:40:42 - FacebookBot - INFO - [main.py:56] - ⏳ 6 hours until next cycle...
2025-09-29 07:40:42 - FacebookBot - INFO - [main.py:56] - ⏳ 6 hours until next cycle...
2025-09-29 07:40:42 - FacebookBot - INFO - [main.py:56] - ⏳ 6 hours until next cycle...
2025-09-29 07:50:09 - FacebookBot - INFO - [main.py:56] - 🛑 Bot stopped by user
2025-09-29 07:50:09 - FacebookBot - INFO - [main.py:56] - 🛑 Bot stopped by user
2025-09-29 07:50:09 - FacebookBot - INFO - [main.py:56] - 🛑 Bot stopped by user
2025-09-29 07:50:09 - FacebookBot - INFO - [main.py:56] - 🛑 Bot stopped by user
2025-09-29 07:50:09 - FacebookBot - INFO - [main.py:56] - 🛑 Bot stopped by user
