2025-09-28 14:43:44,703 - WARNING - Alternative login failed: Message: timeout: Timed out receiving message from renderer: 28.099
  (Session info: chrome=140.0.7339.208)
Stacktrace:
	GetHandleVerifier [0x0x7ff6de941eb5+80197]
	GetHandleVerifier [0x0x7ff6de941f10+80288]
	(No symbol) [0x0x7ff6de6c02fa]
	(No symbol) [0x0x7ff6de6ad78d]
	(No symbol) [0x0x7ff6de6ad47b]
	(No symbol) [0x0x7ff6de6aafec]
	(No symbol) [0x0x7ff6de6aba6b]
	(No symbol) [0x0x7ff6de6baa7e]
	(No symbol) [0x0x7ff6de6d0e31]
	(No symbol) [0x0x7ff6de6d80da]
	(No symbol) [0x0x7ff6de6ac21e]
	(No symbol) [0x0x7ff6de6d0b66]
	(No symbol) [0x0x7ff6de768b67]
	(No symbol) [0x0x7ff6de740153]
	(No symbol) [0x0x7ff6de708b02]
	(No symbol) [0x0x7ff6de7098d3]
	GetHandleVerifier [0x0x7ff6debfe83d+2949837]
	GetHandleVerifier [0x0x7ff6debf8c6a+2926330]
	GetHandleVerifier [0x0x7ff6dec186c7+3055959]
	GetHandleVerifier [0x0x7ff6de95cfee+191102]
	GetHandleVerifier [0x0x7ff6de9650af+224063]
	GetHandleVerifier [0x0x7ff6de94af64+117236]
	GetHandleVerifier [0x0x7ff6de94b119+117673]
	GetHandleVerifier [0x0x7ff6de9310a8+11064]
	BaseThreadInitThunk [0x0x7ffcf1617374+20]
	RtlUserThreadStart [0x0x7ffcf265cc91+33]

